<?xml version="1.0" encoding="UTF-8"?>
<testng-results ignored="8" total="12" passed="4" failed="0" skipped="0">
  <reporter-output>
  </reporter-output>
  <suite started-at="2022-06-24T21:34:26 IST" name="Regression" finished-at="2022-06-24T21:34:26 IST" duration-ms="313">
    <groups>
      <group name="Dog">
        <method signature="VehicleInsurance.MobileLogout()[pri:-4, instance:Tutorial.VehicleInsurance@7db12bb6]" name="MobileLogout" class="Tutorial.VehicleInsurance"/>
        <method signature="HomeInsurance.MobileLogIn()[pri:0, instance:Tutorial.HomeInsurance@273e7444]" name="MobileLogIn" class="Tutorial.HomeInsurance"/>
        <method signature="HomeInsurance.MobileLogout()[pri:0, instance:Tutorial.HomeInsurance@273e7444]" name="MobileLogout" class="Tutorial.HomeInsurance"/>
        <method signature="VehicleInsurance.MobileLogIn()[pri:0, instance:Tutorial.VehicleInsurance@7db12bb6]" name="MobileLogIn" class="Tutorial.VehicleInsurance"/>
      </group> <!-- Dog -->
    </groups>
    <test started-at="2022-06-24T21:34:26 IST" name="Test" finished-at="2022-06-24T21:34:26 IST" duration-ms="313">
      <class name="Tutorial.HomeInsurance">
        <test-method signature="MobileLogIn()[pri:0, instance:Tutorial.HomeInsurance@273e7444]" started-at="2022-06-24T21:34:26 IST" name="MobileLogIn" finished-at="2022-06-24T21:34:26 IST" duration-ms="39" status="PASS">
          <reporter-output>
          </reporter-output>
        </test-method> <!-- MobileLogIn -->
        <test-method signature="MobileLogout()[pri:0, instance:Tutorial.HomeInsurance@273e7444]" started-at="2022-06-24T21:34:26 IST" name="MobileLogout" finished-at="2022-06-24T21:34:26 IST" duration-ms="8" status="PASS">
          <reporter-output>
          </reporter-output>
        </test-method> <!-- MobileLogout -->
      </class> <!-- Tutorial.HomeInsurance -->
      <class name="Tutorial.VehicleInsurance">
        <test-method signature="MobileLogout()[pri:-4, instance:Tutorial.VehicleInsurance@7db12bb6]" started-at="2022-06-24T21:34:26 IST" name="MobileLogout" finished-at="2022-06-24T21:34:26 IST" duration-ms="8" status="PASS">
          <reporter-output>
          </reporter-output>
        </test-method> <!-- MobileLogout -->
        <test-method signature="MobileLogIn()[pri:0, instance:Tutorial.VehicleInsurance@7db12bb6]" started-at="2022-06-24T21:34:26 IST" name="MobileLogIn" finished-at="2022-06-24T21:34:26 IST" duration-ms="14" status="PASS">
          <reporter-output>
          </reporter-output>
        </test-method> <!-- MobileLogIn -->
      </class> <!-- Tutorial.VehicleInsurance -->
    </test> <!-- Test -->
  </suite> <!-- Regression -->
</testng-results>
