<?xml version="1.0" encoding="UTF-8"?>
<!-- Generated by org.testng.reporters.JUnitXMLReporter -->
<testsuite ignored="8" hostname="PC010422" failures="0" tests="4" name="Test" time="0.313" errors="0" timestamp="2022-06-24T21:34:26 IST">
  <testcase classname="Tutorial.HomeInsurance" name="MobileLogIn" time="0.039"/>
  <testcase classname="Tutorial.HomeInsurance" name="MobileLogout" time="0.008"/>
  <testcase classname="Tutorial.VehicleInsurance" name="MobileLogout" time="0.008"/>
  <testcase classname="Tutorial.VehicleInsurance" name="MobileLogIn" time="0.014"/>
  <testcase classname="Tutorial.DogInsurance" name="WebLogout" time="0.0">
    <ignored/>
  </testcase> <!-- WebLogout -->
  <testcase classname="Tutorial.DogInsurance" name="WebLogin" time="0.0">
    <ignored/>
  </testcase> <!-- WebLogin -->
  <testcase classname="Tutorial.VehicleInsurance" name="WebLogout" time="0.0">
    <ignored/>
  </testcase> <!-- WebLogout -->
  <testcase classname="Tutorial.DogInsurance" name="MobileLogIn" time="0.0">
    <ignored/>
  </testcase> <!-- MobileLogIn -->
  <testcase classname="Tutorial.DogInsurance" name="MobileLogout" time="0.0">
    <ignored/>
  </testcase> <!-- MobileLogout -->
  <testcase classname="Tutorial.VehicleInsurance" name="WebLogin" time="0.0">
    <ignored/>
  </testcase> <!-- WebLogin -->
  <testcase classname="Tutorial.HomeInsurance" name="WebLogout" time="0.0">
    <ignored/>
  </testcase> <!-- WebLogout -->
  <testcase classname="Tutorial.HomeInsurance" name="WebLogin" time="0.0">
    <ignored/>
  </testcase> <!-- WebLogin -->
</testsuite> <!-- Test -->
